INFO-
INFO-		Unigraphics Version NX V2007 to AutoCAD 2004
INFO-		
INFO-
INFO-		Running UGTODWG Translator .....
INFO-
INFO-		Start of Translation: Sun Sep  8 13:09:28 2024
INFO-
STATUS-		Converting E:\NX\Nowe projekty\Podpora_CW1\Podpora.prt
STATUS-
----------------------------------------------------------------------------
SUMMARY-                     Warnings
----------------------------------------------------------------------------
1. Font file <txt.shx> not found.
   For text translation improvement, set environment variable DXFDWG_FONTS_DIR to directory contaning font files
   OR place this font file at location pointed to by DXFDWG_DIR.
-------------------------------End------------------------------------------

SUMMARY-
SUMMARY-	Summary of Unigraphics Input Entities
SUMMARY-	For Unigraphics File: E:\NX\Nowe projekty\Podpora_CW1\Podpora.prt
SUMMARY-	------------------------------------------------------------------
SUMMARY-	Entity Type					Count
SUMMARY-	------------------------------------------------------------------
SUMMARY-	Line .....................................:	49
SUMMARY-	Point ....................................:	1
SUMMARY-	Arc ......................................:	20
SUMMARY-	Circle ...................................:	47
SUMMARY-	Solid Edges............................:	94
SUMMARY-	------------------------------------------------------------------
SUMMARY-	Total ....................................:	211
SUMMARY-	------------------------------------------------------------------
SUMMARY-
STATUS-
INFO-
INFO-		Writing File: E:\NX\Nowe projekty\Podpora_CW1\Podpora.dwg
SUMMARY-	Summary of AutoCAD Output Entities
SUMMARY-	------------------------------------------------------------------
SUMMARY-	Entity Type					Count
SUMMARY-	------------------------------------------------------------------
SUMMARY-	Arc ......................................:	20
SUMMARY-	Circle ...................................:	47
SUMMARY-	Point ....................................:	1
SUMMARY-	Line .....................................:	49
SUMMARY-	Layout ...................................:	6
SUMMARY-	------------------------------------------------------------------
SUMMARY-	Total ....................................:	123
SUMMARY-	------------------------------------------------------------------
SUMMARY-
INFO-
INFO-		End of Translation: Sun Sep  8 13:09:28 2024
INFO-		Translation CPU time: 0 m, 0 sINFO-
